[2025-12-04T14:02:14.221713] WARN: <action id='0'><div>모든 국민은 인간으로서의 존엄과 가치를 가지며, <span style='color:blue'>행복을 추구할 권리</span>를 가진다.</div></action> - Log entry 0
[2025-12-04T14:02:14.221713] ERROR: <action id='1'><p>Lorem ipsum dolor sit amet, consectetur adipiscing elit. Sed do eiusmod tempor incididunt ut labore et dolore magna aliqua.</p></action> - Log entry 1
[2025-12-04T14:02:14.221713] ERROR: <action id='2'><div>모든 국민은 인간으로서의 존엄과 가치를 가지며, <span style='color:blue'>행복을 추구할 권리</span>를 가진다.</div></action> - Log entry 2
[2025-12-04T14:02:14.221713] WARN: <action id='3'><p>Lorem ipsum dolor sit amet, consectetur adipiscing elit. Sed do eiusmod tempor incididunt ut labore et dolore magna aliqua.</p></action> - Log entry 3
[2025-12-04T14:02:14.221713] ERROR: <action id='4'><div>모든 국민은 인간으로서의 존엄과 가치를 가지며, <span style='color:blue'>행복을 추구할 권리</span>를 가진다.</div></action> - Log entry 4
[2025-12-04T14:02:14.221713] DEBUG: <action id='5'><p>Lorem ipsum dolor sit amet, consectetur adipiscing elit. Sed do eiusmod tempor incididunt ut labore et dolore magna aliqua.</p></action> - Log entry 5
[2025-12-04T14:02:14.221713] WARN: <action id='6'><div>모든 국민은 인간으로서의 존엄과 가치를 가지며, <span style='color:blue'>행복을 추구할 권리</span>를 가진다.</div></action> - Log entry 6
[2025-12-04T14:02:14.221713] WARN: <action id='7'><p>Lorem ipsum dolor sit amet, consectetur adipiscing elit. Sed do eiusmod tempor incididunt ut labore et dolore magna aliqua.</p></action> - Log entry 7
[2025-12-04T14:02:14.221713] DEBUG: <action id='8'><div>모든 국민은 인간으로서의 존엄과 가치를 가지며, <span style='color:blue'>행복을 추구할 권리</span>를 가진다.</div></action> - Log entry 8
[2025-12-04T14:02:14.221713] WARN: <action id='9'><p>Lorem ipsum dolor sit amet, consectetur adipiscing elit. Sed do eiusmod tempor incididunt ut labore et dolore magna aliqua.</p></action> - Log entry 9
[2025-12-04T14:02:14.221713] WARN: <action id='10'><div>모든 국민은 인간으로서의 존엄과 가치를 가지며, <span style='color:blue'>행복을 추구할 권리</span>를 가진다.</div></action> - Log entry 10
[2025-12-04T14:02:14.221713] INFO: <action id='11'><p>Lorem ipsum dolor sit amet, consectetur adipiscing elit. Sed do eiusmod tempor incididunt ut labore et dolore magna aliqua.</p></action> - Log entry 11
[2025-12-04T14:02:14.221713] INFO: <action id='12'><div>모든 국민은 인간으로서의 존엄과 가치를 가지며, <span style='color:blue'>행복을 추구할 권리</span>를 가진다.</div></action> - Log entry 12
[2025-12-04T14:02:14.221713] INFO: <action id='13'><p>Lorem ipsum dolor sit amet, consectetur adipiscing elit. Sed do eiusmod tempor incididunt ut labore et dolore magna aliqua.</p></action> - Log entry 13
[2025-12-04T14:02:14.221713] INFO: <action id='14'><div>모든 국민은 인간으로서의 존엄과 가치를 가지며, <span style='color:blue'>행복을 추구할 권리</span>를 가진다.</div></action> - Log entry 14
[2025-12-04T14:02:14.221713] WARN: <action id='15'><p>Lorem ipsum dolor sit amet, consectetur adipiscing elit. Sed do eiusmod tempor incididunt ut labore et dolore magna aliqua.</p></action> - Log entry 15
[2025-12-04T14:02:14.221713] ERROR: <action id='16'><div>모든 국민은 인간으로서의 존엄과 가치를 가지며, <span style='color:blue'>행복을 추구할 권리</span>를 가진다.</div></action> - Log entry 16
[2025-12-04T14:02:14.221713] WARN: <action id='17'><p>Lorem ipsum dolor sit amet, consectetur adipiscing elit. Sed do eiusmod tempor incididunt ut labore et dolore magna aliqua.</p></action> - Log entry 17
[2025-12-04T14:02:14.221713] ERROR: <action id='18'><div>모든 국민은 인간으로서의 존엄과 가치를 가지며, <span style='color:blue'>행복을 추구할 권리</span>를 가진다.</div></action> - Log entry 18
[2025-12-04T14:02:14.221713] ERROR: <action id='19'><p>Lorem ipsum dolor sit amet, consectetur adipiscing elit. Sed do eiusmod tempor incididunt ut labore et dolore magna aliqua.</p></action> - Log entry 19
[2025-12-04T14:02:14.221713] DEBUG: <action id='20'><div>모든 국민은 인간으로서의 존엄과 가치를 가지며, <span style='color:blue'>행복을 추구할 권리</span>를 가진다.</div></action> - Log entry 20
[2025-12-04T14:02:14.221713] DEBUG: <action id='21'><p>Lorem ipsum dolor sit amet, consectetur adipiscing elit. Sed do eiusmod tempor incididunt ut labore et dolore magna aliqua.</p></action> - Log entry 21
[2025-12-04T14:02:14.221713] INFO: <action id='22'><div>모든 국민은 인간으로서의 존엄과 가치를 가지며, <span style='color:blue'>행복을 추구할 권리</span>를 가진다.</div></action> - Log entry 22
[2025-12-04T14:02:14.221713] WARN: <action id='23'><p>Lorem ipsum dolor sit amet, consectetur adipiscing elit. Sed do eiusmod tempor incididunt ut labore et dolore magna aliqua.</p></action> - Log entry 23
[2025-12-04T14:02:14.221713] INFO: <action id='24'><div>모든 국민은 인간으로서의 존엄과 가치를 가지며, <span style='color:blue'>행복을 추구할 권리</span>를 가진다.</div></action> - Log entry 24
[2025-12-04T14:02:14.221713] DEBUG: <action id='25'><p>Lorem ipsum dolor sit amet, consectetur adipiscing elit. Sed do eiusmod tempor incididunt ut labore et dolore magna aliqua.</p></action> - Log entry 25
[2025-12-04T14:02:14.221713] INFO: <action id='26'><div>모든 국민은 인간으로서의 존엄과 가치를 가지며, <span style='color:blue'>행복을 추구할 권리</span>를 가진다.</div></action> - Log entry 26
[2025-12-04T14:02:14.221713] ERROR: <action id='27'><p>Lorem ipsum dolor sit amet, consectetur adipiscing elit. Sed do eiusmod tempor incididunt ut labore et dolore magna aliqua.</p></action> - Log entry 27
[2025-12-04T14:02:14.221713] DEBUG: <action id='28'><div>모든 국민은 인간으로서의 존엄과 가치를 가지며, <span style='color:blue'>행복을 추구할 권리</span>를 가진다.</div></action> - Log entry 28
[2025-12-04T14:02:14.221713] DEBUG: <action id='29'><p>Lorem ipsum dolor sit amet, consectetur adipiscing elit. Sed do eiusmod tempor incididunt ut labore et dolore magna aliqua.</p></action> - Log entry 29
[2025-12-04T14:02:14.221713] INFO: <action id='30'><div>모든 국민은 인간으로서의 존엄과 가치를 가지며, <span style='color:blue'>행복을 추구할 권리</span>를 가진다.</div></action> - Log entry 30
[2025-12-04T14:02:14.221713] INFO: <action id='31'><p>Lorem ipsum dolor sit amet, consectetur adipiscing elit. Sed do eiusmod tempor incididunt ut labore et dolore magna aliqua.</p></action> - Log entry 31
[2025-12-04T14:02:14.222220] WARN: <action id='32'><div>모든 국민은 인간으로서의 존엄과 가치를 가지며, <span style='color:blue'>행복을 추구할 권리</span>를 가진다.</div></action> - Log entry 32
[2025-12-04T14:02:14.222220] ERROR: <action id='33'><p>Lorem ipsum dolor sit amet, consectetur adipiscing elit. Sed do eiusmod tempor incididunt ut labore et dolore magna aliqua.</p></action> - Log entry 33
[2025-12-04T14:02:14.222220] INFO: <action id='34'><div>모든 국민은 인간으로서의 존엄과 가치를 가지며, <span style='color:blue'>행복을 추구할 권리</span>를 가진다.</div></action> - Log entry 34
[2025-12-04T14:02:14.222220] WARN: <action id='35'><p>Lorem ipsum dolor sit amet, consectetur adipiscing elit. Sed do eiusmod tempor incididunt ut labore et dolore magna aliqua.</p></action> - Log entry 35
[2025-12-04T14:02:14.222220] ERROR: <action id='36'><div>모든 국민은 인간으로서의 존엄과 가치를 가지며, <span style='color:blue'>행복을 추구할 권리</span>를 가진다.</div></action> - Log entry 36
[2025-12-04T14:02:14.222220] INFO: <action id='37'><p>Lorem ipsum dolor sit amet, consectetur adipiscing elit. Sed do eiusmod tempor incididunt ut labore et dolore magna aliqua.</p></action> - Log entry 37
[2025-12-04T14:02:14.222220] ERROR: <action id='38'><div>모든 국민은 인간으로서의 존엄과 가치를 가지며, <span style='color:blue'>행복을 추구할 권리</span>를 가진다.</div></action> - Log entry 38
[2025-12-04T14:02:14.222220] WARN: <action id='39'><p>Lorem ipsum dolor sit amet, consectetur adipiscing elit. Sed do eiusmod tempor incididunt ut labore et dolore magna aliqua.</p></action> - Log entry 39
[2025-12-04T14:02:14.222220] WARN: <action id='40'><div>모든 국민은 인간으로서의 존엄과 가치를 가지며, <span style='color:blue'>행복을 추구할 권리</span>를 가진다.</div></action> - Log entry 40
[2025-12-04T14:02:14.222220] WARN: <action id='41'><p>Lorem ipsum dolor sit amet, consectetur adipiscing elit. Sed do eiusmod tempor incididunt ut labore et dolore magna aliqua.</p></action> - Log entry 41
[2025-12-04T14:02:14.222220] WARN: <action id='42'><div>모든 국민은 인간으로서의 존엄과 가치를 가지며, <span style='color:blue'>행복을 추구할 권리</span>를 가진다.</div></action> - Log entry 42
[2025-12-04T14:02:14.222220] INFO: <action id='43'><p>Lorem ipsum dolor sit amet, consectetur adipiscing elit. Sed do eiusmod tempor incididunt ut labore et dolore magna aliqua.</p></action> - Log entry 43
[2025-12-04T14:02:14.222220] ERROR: <action id='44'><div>모든 국민은 인간으로서의 존엄과 가치를 가지며, <span style='color:blue'>행복을 추구할 권리</span>를 가진다.</div></action> - Log entry 44
[2025-12-04T14:02:14.222220] INFO: <action id='45'><p>Lorem ipsum dolor sit amet, consectetur adipiscing elit. Sed do eiusmod tempor incididunt ut labore et dolore magna aliqua.</p></action> - Log entry 45
[2025-12-04T14:02:14.222220] ERROR: <action id='46'><div>모든 국민은 인간으로서의 존엄과 가치를 가지며, <span style='color:blue'>행복을 추구할 권리</span>를 가진다.</div></action> - Log entry 46
[2025-12-04T14:02:14.222220] DEBUG: <action id='47'><p>Lorem ipsum dolor sit amet, consectetur adipiscing elit. Sed do eiusmod tempor incididunt ut labore et dolore magna aliqua.</p></action> - Log entry 47
[2025-12-04T14:02:14.222220] WARN: <action id='48'><div>모든 국민은 인간으로서의 존엄과 가치를 가지며, <span style='color:blue'>행복을 추구할 권리</span>를 가진다.</div></action> - Log entry 48
[2025-12-04T14:02:14.222220] ERROR: <action id='49'><p>Lorem ipsum dolor sit amet, consectetur adipiscing elit. Sed do eiusmod tempor incididunt ut labore et dolore magna aliqua.</p></action> - Log entry 49
[2025-12-04T14:02:14.222220] WARN: <action id='50'><div>모든 국민은 인간으로서의 존엄과 가치를 가지며, <span style='color:blue'>행복을 추구할 권리</span>를 가진다.</div></action> - Log entry 50
[2025-12-04T14:02:14.222220] WARN: <action id='51'><p>Lorem ipsum dolor sit amet, consectetur adipiscing elit. Sed do eiusmod tempor incididunt ut labore et dolore magna aliqua.</p></action> - Log entry 51
[2025-12-04T14:02:14.222220] INFO: <action id='52'><div>모든 국민은 인간으로서의 존엄과 가치를 가지며, <span style='color:blue'>행복을 추구할 권리</span>를 가진다.</div></action> - Log entry 52
[2025-12-04T14:02:14.222220] DEBUG: <action id='53'><p>Lorem ipsum dolor sit amet, consectetur adipiscing elit. Sed do eiusmod tempor incididunt ut labore et dolore magna aliqua.</p></action> - Log entry 53
[2025-12-04T14:02:14.222220] ERROR: <action id='54'><div>모든 국민은 인간으로서의 존엄과 가치를 가지며, <span style='color:blue'>행복을 추구할 권리</span>를 가진다.</div></action> - Log entry 54
[2025-12-04T14:02:14.222220] WARN: <action id='55'><p>Lorem ipsum dolor sit amet, consectetur adipiscing elit. Sed do eiusmod tempor incididunt ut labore et dolore magna aliqua.</p></action> - Log entry 55
[2025-12-04T14:02:14.222220] WARN: <action id='56'><div>모든 국민은 인간으로서의 존엄과 가치를 가지며, <span style='color:blue'>행복을 추구할 권리</span>를 가진다.</div></action> - Log entry 56
[2025-12-04T14:02:14.222220] INFO: <action id='57'><p>Lorem ipsum dolor sit amet, consectetur adipiscing elit. Sed do eiusmod tempor incididunt ut labore et dolore magna aliqua.</p></action> - Log entry 57
[2025-12-04T14:02:14.222220] ERROR: <action id='58'><div>모든 국민은 인간으로서의 존엄과 가치를 가지며, <span style='color:blue'>행복을 추구할 권리</span>를 가진다.</div></action> - Log entry 58
[2025-12-04T14:02:14.222220] ERROR: <action id='59'><p>Lorem ipsum dolor sit amet, consectetur adipiscing elit. Sed do eiusmod tempor incididunt ut labore et dolore magna aliqua.</p></action> - Log entry 59
[2025-12-04T14:02:14.222220] DEBUG: <action id='60'><div>모든 국민은 인간으로서의 존엄과 가치를 가지며, <span style='color:blue'>행복을 추구할 권리</span>를 가진다.</div></action> - Log entry 60
[2025-12-04T14:02:14.222220] ERROR: <action id='61'><p>Lorem ipsum dolor sit amet, consectetur adipiscing elit. Sed do eiusmod tempor incididunt ut labore et dolore magna aliqua.</p></action> - Log entry 61
[2025-12-04T14:02:14.222220] WARN: <action id='62'><div>모든 국민은 인간으로서의 존엄과 가치를 가지며, <span style='color:blue'>행복을 추구할 권리</span>를 가진다.</div></action> - Log entry 62
[2025-12-04T14:02:14.222220] WARN: <action id='63'><p>Lorem ipsum dolor sit amet, consectetur adipiscing elit. Sed do eiusmod tempor incididunt ut labore et dolore magna aliqua.</p></action> - Log entry 63
[2025-12-04T14:02:14.222220] INFO: <action id='64'><div>모든 국민은 인간으로서의 존엄과 가치를 가지며, <span style='color:blue'>행복을 추구할 권리</span>를 가진다.</div></action> - Log entry 64
[2025-12-04T14:02:14.222220] ERROR: <action id='65'><p>Lorem ipsum dolor sit amet, consectetur adipiscing elit. Sed do eiusmod tempor incididunt ut labore et dolore magna aliqua.</p></action> - Log entry 65
[2025-12-04T14:02:14.222220] INFO: <action id='66'><div>모든 국민은 인간으로서의 존엄과 가치를 가지며, <span style='color:blue'>행복을 추구할 권리</span>를 가진다.</div></action> - Log entry 66
[2025-12-04T14:02:14.222220] DEBUG: <action id='67'><p>Lorem ipsum dolor sit amet, consectetur adipiscing elit. Sed do eiusmod tempor incididunt ut labore et dolore magna aliqua.</p></action> - Log entry 67
[2025-12-04T14:02:14.222220] WARN: <action id='68'><div>모든 국민은 인간으로서의 존엄과 가치를 가지며, <span style='color:blue'>행복을 추구할 권리</span>를 가진다.</div></action> - Log entry 68
[2025-12-04T14:02:14.222220] INFO: <action id='69'><p>Lorem ipsum dolor sit amet, consectetur adipiscing elit. Sed do eiusmod tempor incididunt ut labore et dolore magna aliqua.</p></action> - Log entry 69
[2025-12-04T14:02:14.222220] INFO: <action id='70'><div>모든 국민은 인간으로서의 존엄과 가치를 가지며, <span style='color:blue'>행복을 추구할 권리</span>를 가진다.</div></action> - Log entry 70
[2025-12-04T14:02:14.222220] DEBUG: <action id='71'><p>Lorem ipsum dolor sit amet, consectetur adipiscing elit. Sed do eiusmod tempor incididunt ut labore et dolore magna aliqua.</p></action> - Log entry 71
[2025-12-04T14:02:14.222220] ERROR: <action id='72'><div>모든 국민은 인간으로서의 존엄과 가치를 가지며, <span style='color:blue'>행복을 추구할 권리</span>를 가진다.</div></action> - Log entry 72
[2025-12-04T14:02:14.222220] ERROR: <action id='73'><p>Lorem ipsum dolor sit amet, consectetur adipiscing elit. Sed do eiusmod tempor incididunt ut labore et dolore magna aliqua.</p></action> - Log entry 73
[2025-12-04T14:02:14.222220] WARN: <action id='74'><div>모든 국민은 인간으로서의 존엄과 가치를 가지며, <span style='color:blue'>행복을 추구할 권리</span>를 가진다.</div></action> - Log entry 74
[2025-12-04T14:02:14.222220] DEBUG: <action id='75'><p>Lorem ipsum dolor sit amet, consectetur adipiscing elit. Sed do eiusmod tempor incididunt ut labore et dolore magna aliqua.</p></action> - Log entry 75
[2025-12-04T14:02:14.222220] WARN: <action id='76'><div>모든 국민은 인간으로서의 존엄과 가치를 가지며, <span style='color:blue'>행복을 추구할 권리</span>를 가진다.</div></action> - Log entry 76
[2025-12-04T14:02:14.222220] WARN: <action id='77'><p>Lorem ipsum dolor sit amet, consectetur adipiscing elit. Sed do eiusmod tempor incididunt ut labore et dolore magna aliqua.</p></action> - Log entry 77
[2025-12-04T14:02:14.222220] ERROR: <action id='78'><div>모든 국민은 인간으로서의 존엄과 가치를 가지며, <span style='color:blue'>행복을 추구할 권리</span>를 가진다.</div></action> - Log entry 78
[2025-12-04T14:02:14.222220] WARN: <action id='79'><p>Lorem ipsum dolor sit amet, consectetur adipiscing elit. Sed do eiusmod tempor incididunt ut labore et dolore magna aliqua.</p></action> - Log entry 79
[2025-12-04T14:02:14.222220] ERROR: <action id='80'><div>모든 국민은 인간으로서의 존엄과 가치를 가지며, <span style='color:blue'>행복을 추구할 권리</span>를 가진다.</div></action> - Log entry 80
[2025-12-04T14:02:14.222220] WARN: <action id='81'><p>Lorem ipsum dolor sit amet, consectetur adipiscing elit. Sed do eiusmod tempor incididunt ut labore et dolore magna aliqua.</p></action> - Log entry 81
[2025-12-04T14:02:14.222220] INFO: <action id='82'><div>모든 국민은 인간으로서의 존엄과 가치를 가지며, <span style='color:blue'>행복을 추구할 권리</span>를 가진다.</div></action> - Log entry 82
[2025-12-04T14:02:14.222220] WARN: <action id='83'><p>Lorem ipsum dolor sit amet, consectetur adipiscing elit. Sed do eiusmod tempor incididunt ut labore et dolore magna aliqua.</p></action> - Log entry 83
[2025-12-04T14:02:14.222220] ERROR: <action id='84'><div>모든 국민은 인간으로서의 존엄과 가치를 가지며, <span style='color:blue'>행복을 추구할 권리</span>를 가진다.</div></action> - Log entry 84
[2025-12-04T14:02:14.222220] ERROR: <action id='85'><p>Lorem ipsum dolor sit amet, consectetur adipiscing elit. Sed do eiusmod tempor incididunt ut labore et dolore magna aliqua.</p></action> - Log entry 85
[2025-12-04T14:02:14.222220] INFO: <action id='86'><div>모든 국민은 인간으로서의 존엄과 가치를 가지며, <span style='color:blue'>행복을 추구할 권리</span>를 가진다.</div></action> - Log entry 86
[2025-12-04T14:02:14.222220] INFO: <action id='87'><p>Lorem ipsum dolor sit amet, consectetur adipiscing elit. Sed do eiusmod tempor incididunt ut labore et dolore magna aliqua.</p></action> - Log entry 87
[2025-12-04T14:02:14.222220] DEBUG: <action id='88'><div>모든 국민은 인간으로서의 존엄과 가치를 가지며, <span style='color:blue'>행복을 추구할 권리</span>를 가진다.</div></action> - Log entry 88
[2025-12-04T14:02:14.222220] WARN: <action id='89'><p>Lorem ipsum dolor sit amet, consectetur adipiscing elit. Sed do eiusmod tempor incididunt ut labore et dolore magna aliqua.</p></action> - Log entry 89
[2025-12-04T14:02:14.222220] DEBUG: <action id='90'><div>모든 국민은 인간으로서의 존엄과 가치를 가지며, <span style='color:blue'>행복을 추구할 권리</span>를 가진다.</div></action> - Log entry 90
[2025-12-04T14:02:14.222220] INFO: <action id='91'><p>Lorem ipsum dolor sit amet, consectetur adipiscing elit. Sed do eiusmod tempor incididunt ut labore et dolore magna aliqua.</p></action> - Log entry 91
[2025-12-04T14:02:14.222220] ERROR: <action id='92'><div>모든 국민은 인간으로서의 존엄과 가치를 가지며, <span style='color:blue'>행복을 추구할 권리</span>를 가진다.</div></action> - Log entry 92
[2025-12-04T14:02:14.222220] DEBUG: <action id='93'><p>Lorem ipsum dolor sit amet, consectetur adipiscing elit. Sed do eiusmod tempor incididunt ut labore et dolore magna aliqua.</p></action> - Log entry 93
[2025-12-04T14:02:14.222220] INFO: <action id='94'><div>모든 국민은 인간으로서의 존엄과 가치를 가지며, <span style='color:blue'>행복을 추구할 권리</span>를 가진다.</div></action> - Log entry 94
[2025-12-04T14:02:14.222220] DEBUG: <action id='95'><p>Lorem ipsum dolor sit amet, consectetur adipiscing elit. Sed do eiusmod tempor incididunt ut labore et dolore magna aliqua.</p></action> - Log entry 95
[2025-12-04T14:02:14.222220] DEBUG: <action id='96'><div>모든 국민은 인간으로서의 존엄과 가치를 가지며, <span style='color:blue'>행복을 추구할 권리</span>를 가진다.</div></action> - Log entry 96
[2025-12-04T14:02:14.222220] INFO: <action id='97'><p>Lorem ipsum dolor sit amet, consectetur adipiscing elit. Sed do eiusmod tempor incididunt ut labore et dolore magna aliqua.</p></action> - Log entry 97
[2025-12-04T14:02:14.222220] WARN: <action id='98'><div>모든 국민은 인간으로서의 존엄과 가치를 가지며, <span style='color:blue'>행복을 추구할 권리</span>를 가진다.</div></action> - Log entry 98
[2025-12-04T14:02:14.222220] WARN: <action id='99'><p>Lorem ipsum dolor sit amet, consectetur adipiscing elit. Sed do eiusmod tempor incididunt ut labore et dolore magna aliqua.</p></action> - Log entry 99
[2025-12-04T14:02:14.222220] DEBUG: <action id='100'><div>모든 국민은 인간으로서의 존엄과 가치를 가지며, <span style='color:blue'>행복을 추구할 권리</span>를 가진다.</div></action> - Log entry 100
[2025-12-04T14:02:14.222220] DEBUG: <action id='101'><p>Lorem ipsum dolor sit amet, consectetur adipiscing elit. Sed do eiusmod tempor incididunt ut labore et dolore magna aliqua.</p></action> - Log entry 101
[2025-12-04T14:02:14.222220] DEBUG: <action id='102'><div>모든 국민은 인간으로서의 존엄과 가치를 가지며, <span style='color:blue'>행복을 추구할 권리</span>를 가진다.</div></action> - Log entry 102
[2025-12-04T14:02:14.222220] WARN: <action id='103'><p>Lorem ipsum dolor sit amet, consectetur adipiscing elit. Sed do eiusmod tempor incididunt ut labore et dolore magna aliqua.</p></action> - Log entry 103
[2025-12-04T14:02:14.222220] WARN: <action id='104'><div>모든 국민은 인간으로서의 존엄과 가치를 가지며, <span style='color:blue'>행복을 추구할 권리</span>를 가진다.</div></action> - Log entry 104
[2025-12-04T14:02:14.222220] WARN: <action id='105'><p>Lorem ipsum dolor sit amet, consectetur adipiscing elit. Sed do eiusmod tempor incididunt ut labore et dolore magna aliqua.</p></action> - Log entry 105
[2025-12-04T14:02:14.222220] INFO: <action id='106'><div>모든 국민은 인간으로서의 존엄과 가치를 가지며, <span style='color:blue'>행복을 추구할 권리</span>를 가진다.</div></action> - Log entry 106
[2025-12-04T14:02:14.222220] WARN: <action id='107'><p>Lorem ipsum dolor sit amet, consectetur adipiscing elit. Sed do eiusmod tempor incididunt ut labore et dolore magna aliqua.</p></action> - Log entry 107
[2025-12-04T14:02:14.222220] WARN: <action id='108'><div>모든 국민은 인간으로서의 존엄과 가치를 가지며, <span style='color:blue'>행복을 추구할 권리</span>를 가진다.</div></action> - Log entry 108
[2025-12-04T14:02:14.222220] ERROR: <action id='109'><p>Lorem ipsum dolor sit amet, consectetur adipiscing elit. Sed do eiusmod tempor incididunt ut labore et dolore magna aliqua.</p></action> - Log entry 109
[2025-12-04T14:02:14.222220] INFO: <action id='110'><div>모든 국민은 인간으로서의 존엄과 가치를 가지며, <span style='color:blue'>행복을 추구할 권리</span>를 가진다.</div></action> - Log entry 110
[2025-12-04T14:02:14.222220] INFO: <action id='111'><p>Lorem ipsum dolor sit amet, consectetur adipiscing elit. Sed do eiusmod tempor incididunt ut labore et dolore magna aliqua.</p></action> - Log entry 111
[2025-12-04T14:02:14.222220] ERROR: <action id='112'><div>모든 국민은 인간으로서의 존엄과 가치를 가지며, <span style='color:blue'>행복을 추구할 권리</span>를 가진다.</div></action> - Log entry 112
[2025-12-04T14:02:14.222220] INFO: <action id='113'><p>Lorem ipsum dolor sit amet, consectetur adipiscing elit. Sed do eiusmod tempor incididunt ut labore et dolore magna aliqua.</p></action> - Log entry 113
[2025-12-04T14:02:14.222220] WARN: <action id='114'><div>모든 국민은 인간으로서의 존엄과 가치를 가지며, <span style='color:blue'>행복을 추구할 권리</span>를 가진다.</div></action> - Log entry 114
[2025-12-04T14:02:14.222220] DEBUG: <action id='115'><p>Lorem ipsum dolor sit amet, consectetur adipiscing elit. Sed do eiusmod tempor incididunt ut labore et dolore magna aliqua.</p></action> - Log entry 115
[2025-12-04T14:02:14.222220] ERROR: <action id='116'><div>모든 국민은 인간으로서의 존엄과 가치를 가지며, <span style='color:blue'>행복을 추구할 권리</span>를 가진다.</div></action> - Log entry 116
[2025-12-04T14:02:14.222220] WARN: <action id='117'><p>Lorem ipsum dolor sit amet, consectetur adipiscing elit. Sed do eiusmod tempor incididunt ut labore et dolore magna aliqua.</p></action> - Log entry 117
[2025-12-04T14:02:14.222220] ERROR: <action id='118'><div>모든 국민은 인간으로서의 존엄과 가치를 가지며, <span style='color:blue'>행복을 추구할 권리</span>를 가진다.</div></action> - Log entry 118
[2025-12-04T14:02:14.222220] DEBUG: <action id='119'><p>Lorem ipsum dolor sit amet, consectetur adipiscing elit. Sed do eiusmod tempor incididunt ut labore et dolore magna aliqua.</p></action> - Log entry 119
[2025-12-04T14:02:14.222220] DEBUG: <action id='120'><div>모든 국민은 인간으로서의 존엄과 가치를 가지며, <span style='color:blue'>행복을 추구할 권리</span>를 가진다.</div></action> - Log entry 120
[2025-12-04T14:02:14.222220] INFO: <action id='121'><p>Lorem ipsum dolor sit amet, consectetur adipiscing elit. Sed do eiusmod tempor incididunt ut labore et dolore magna aliqua.</p></action> - Log entry 121
[2025-12-04T14:02:14.222220] WARN: <action id='122'><div>모든 국민은 인간으로서의 존엄과 가치를 가지며, <span style='color:blue'>행복을 추구할 권리</span>를 가진다.</div></action> - Log entry 122
[2025-12-04T14:02:14.222220] WARN: <action id='123'><p>Lorem ipsum dolor sit amet, consectetur adipiscing elit. Sed do eiusmod tempor incididunt ut labore et dolore magna aliqua.</p></action> - Log entry 123
[2025-12-04T14:02:14.222220] WARN: <action id='124'><div>모든 국민은 인간으로서의 존엄과 가치를 가지며, <span style='color:blue'>행복을 추구할 권리</span>를 가진다.</div></action> - Log entry 124
[2025-12-04T14:02:14.222220] DEBUG: <action id='125'><p>Lorem ipsum dolor sit amet, consectetur adipiscing elit. Sed do eiusmod tempor incididunt ut labore et dolore magna aliqua.</p></action> - Log entry 125
[2025-12-04T14:02:14.222220] INFO: <action id='126'><div>모든 국민은 인간으로서의 존엄과 가치를 가지며, <span style='color:blue'>행복을 추구할 권리</span>를 가진다.</div></action> - Log entry 126
[2025-12-04T14:02:14.222220] INFO: <action id='127'><p>Lorem ipsum dolor sit amet, consectetur adipiscing elit. Sed do eiusmod tempor incididunt ut labore et dolore magna aliqua.</p></action> - Log entry 127
[2025-12-04T14:02:14.222220] INFO: <action id='128'><div>모든 국민은 인간으로서의 존엄과 가치를 가지며, <span style='color:blue'>행복을 추구할 권리</span>를 가진다.</div></action> - Log entry 128
[2025-12-04T14:02:14.222220] DEBUG: <action id='129'><p>Lorem ipsum dolor sit amet, consectetur adipiscing elit. Sed do eiusmod tempor incididunt ut labore et dolore magna aliqua.</p></action> - Log entry 129
[2025-12-04T14:02:14.222220] WARN: <action id='130'><div>모든 국민은 인간으로서의 존엄과 가치를 가지며, <span style='color:blue'>행복을 추구할 권리</span>를 가진다.</div></action> - Log entry 130
[2025-12-04T14:02:14.222220] ERROR: <action id='131'><p>Lorem ipsum dolor sit amet, consectetur adipiscing elit. Sed do eiusmod tempor incididunt ut labore et dolore magna aliqua.</p></action> - Log entry 131
[2025-12-04T14:02:14.222220] DEBUG: <action id='132'><div>모든 국민은 인간으로서의 존엄과 가치를 가지며, <span style='color:blue'>행복을 추구할 권리</span>를 가진다.</div></action> - Log entry 132
[2025-12-04T14:02:14.222220] INFO: <action id='133'><p>Lorem ipsum dolor sit amet, consectetur adipiscing elit. Sed do eiusmod tempor incididunt ut labore et dolore magna aliqua.</p></action> - Log entry 133
[2025-12-04T14:02:14.222220] WARN: <action id='134'><div>모든 국민은 인간으로서의 존엄과 가치를 가지며, <span style='color:blue'>행복을 추구할 권리</span>를 가진다.</div></action> - Log entry 134
[2025-12-04T14:02:14.222220] WARN: <action id='135'><p>Lorem ipsum dolor sit amet, consectetur adipiscing elit. Sed do eiusmod tempor incididunt ut labore et dolore magna aliqua.</p></action> - Log entry 135
[2025-12-04T14:02:14.222220] INFO: <action id='136'><div>모든 국민은 인간으로서의 존엄과 가치를 가지며, <span style='color:blue'>행복을 추구할 권리</span>를 가진다.</div></action> - Log entry 136
[2025-12-04T14:02:14.222220] ERROR: <action id='137'><p>Lorem ipsum dolor sit amet, consectetur adipiscing elit. Sed do eiusmod tempor incididunt ut labore et dolore magna aliqua.</p></action> - Log entry 137
[2025-12-04T14:02:14.222220] DEBUG: <action id='138'><div>모든 국민은 인간으로서의 존엄과 가치를 가지며, <span style='color:blue'>행복을 추구할 권리</span>를 가진다.</div></action> - Log entry 138
[2025-12-04T14:02:14.222220] DEBUG: <action id='139'><p>Lorem ipsum dolor sit amet, consectetur adipiscing elit. Sed do eiusmod tempor incididunt ut labore et dolore magna aliqua.</p></action> - Log entry 139
[2025-12-04T14:02:14.222220] ERROR: <action id='140'><div>모든 국민은 인간으로서의 존엄과 가치를 가지며, <span style='color:blue'>행복을 추구할 권리</span>를 가진다.</div></action> - Log entry 140
[2025-12-04T14:02:14.222220] WARN: <action id='141'><p>Lorem ipsum dolor sit amet, consectetur adipiscing elit. Sed do eiusmod tempor incididunt ut labore et dolore magna aliqua.</p></action> - Log entry 141
[2025-12-04T14:02:14.222220] INFO: <action id='142'><div>모든 국민은 인간으로서의 존엄과 가치를 가지며, <span style='color:blue'>행복을 추구할 권리</span>를 가진다.</div></action> - Log entry 142
[2025-12-04T14:02:14.222220] WARN: <action id='143'><p>Lorem ipsum dolor sit amet, consectetur adipiscing elit. Sed do eiusmod tempor incididunt ut labore et dolore magna aliqua.</p></action> - Log entry 143
[2025-12-04T14:02:14.222220] DEBUG: <action id='144'><div>모든 국민은 인간으로서의 존엄과 가치를 가지며, <span style='color:blue'>행복을 추구할 권리</span>를 가진다.</div></action> - Log entry 144
[2025-12-04T14:02:14.222220] ERROR: <action id='145'><p>Lorem ipsum dolor sit amet, consectetur adipiscing elit. Sed do eiusmod tempor incididunt ut labore et dolore magna aliqua.</p></action> - Log entry 145
[2025-12-04T14:02:14.222220] ERROR: <action id='146'><div>모든 국민은 인간으로서의 존엄과 가치를 가지며, <span style='color:blue'>행복을 추구할 권리</span>를 가진다.</div></action> - Log entry 146
[2025-12-04T14:02:14.222220] DEBUG: <action id='147'><p>Lorem ipsum dolor sit amet, consectetur adipiscing elit. Sed do eiusmod tempor incididunt ut labore et dolore magna aliqua.</p></action> - Log entry 147
[2025-12-04T14:02:14.222220] INFO: <action id='148'><div>모든 국민은 인간으로서의 존엄과 가치를 가지며, <span style='color:blue'>행복을 추구할 권리</span>를 가진다.</div></action> - Log entry 148
[2025-12-04T14:02:14.222220] INFO: <action id='149'><p>Lorem ipsum dolor sit amet, consectetur adipiscing elit. Sed do eiusmod tempor incididunt ut labore et dolore magna aliqua.</p></action> - Log entry 149
[2025-12-04T14:02:14.222220] WARN: <action id='150'><div>모든 국민은 인간으로서의 존엄과 가치를 가지며, <span style='color:blue'>행복을 추구할 권리</span>를 가진다.</div></action> - Log entry 150
[2025-12-04T14:02:14.222220] ERROR: <action id='151'><p>Lorem ipsum dolor sit amet, consectetur adipiscing elit. Sed do eiusmod tempor incididunt ut labore et dolore magna aliqua.</p></action> - Log entry 151
[2025-12-04T14:02:14.222220] DEBUG: <action id='152'><div>모든 국민은 인간으로서의 존엄과 가치를 가지며, <span style='color:blue'>행복을 추구할 권리</span>를 가진다.</div></action> - Log entry 152
[2025-12-04T14:02:14.222220] INFO: <action id='153'><p>Lorem ipsum dolor sit amet, consectetur adipiscing elit. Sed do eiusmod tempor incididunt ut labore et dolore magna aliqua.</p></action> - Log entry 153
[2025-12-04T14:02:14.222220] INFO: <action id='154'><div>모든 국민은 인간으로서의 존엄과 가치를 가지며, <span style='color:blue'>행복을 추구할 권리</span>를 가진다.</div></action> - Log entry 154
[2025-12-04T14:02:14.222220] INFO: <action id='155'><p>Lorem ipsum dolor sit amet, consectetur adipiscing elit. Sed do eiusmod tempor incididunt ut labore et dolore magna aliqua.</p></action> - Log entry 155
[2025-12-04T14:02:14.222220] ERROR: <action id='156'><div>모든 국민은 인간으로서의 존엄과 가치를 가지며, <span style='color:blue'>행복을 추구할 권리</span>를 가진다.</div></action> - Log entry 156
[2025-12-04T14:02:14.222220] INFO: <action id='157'><p>Lorem ipsum dolor sit amet, consectetur adipiscing elit. Sed do eiusmod tempor incididunt ut labore et dolore magna aliqua.</p></action> - Log entry 157
[2025-12-04T14:02:14.222220] DEBUG: <action id='158'><div>모든 국민은 인간으로서의 존엄과 가치를 가지며, <span style='color:blue'>행복을 추구할 권리</span>를 가진다.</div></action> - Log entry 158
[2025-12-04T14:02:14.222220] ERROR: <action id='159'><p>Lorem ipsum dolor sit amet, consectetur adipiscing elit. Sed do eiusmod tempor incididunt ut labore et dolore magna aliqua.</p></action> - Log entry 159
[2025-12-04T14:02:14.222220] ERROR: <action id='160'><div>모든 국민은 인간으로서의 존엄과 가치를 가지며, <span style='color:blue'>행복을 추구할 권리</span>를 가진다.</div></action> - Log entry 160
[2025-12-04T14:02:14.222220] WARN: <action id='161'><p>Lorem ipsum dolor sit amet, consectetur adipiscing elit. Sed do eiusmod tempor incididunt ut labore et dolore magna aliqua.</p></action> - Log entry 161
[2025-12-04T14:02:14.222220] ERROR: <action id='162'><div>모든 국민은 인간으로서의 존엄과 가치를 가지며, <span style='color:blue'>행복을 추구할 권리</span>를 가진다.</div></action> - Log entry 162
[2025-12-04T14:02:14.222220] INFO: <action id='163'><p>Lorem ipsum dolor sit amet, consectetur adipiscing elit. Sed do eiusmod tempor incididunt ut labore et dolore magna aliqua.</p></action> - Log entry 163
[2025-12-04T14:02:14.222220] INFO: <action id='164'><div>모든 국민은 인간으로서의 존엄과 가치를 가지며, <span style='color:blue'>행복을 추구할 권리</span>를 가진다.</div></action> - Log entry 164
[2025-12-04T14:02:14.222220] INFO: <action id='165'><p>Lorem ipsum dolor sit amet, consectetur adipiscing elit. Sed do eiusmod tempor incididunt ut labore et dolore magna aliqua.</p></action> - Log entry 165
[2025-12-04T14:02:14.222220] WARN: <action id='166'><div>모든 국민은 인간으로서의 존엄과 가치를 가지며, <span style='color:blue'>행복을 추구할 권리</span>를 가진다.</div></action> - Log entry 166
[2025-12-04T14:02:14.222220] INFO: <action id='167'><p>Lorem ipsum dolor sit amet, consectetur adipiscing elit. Sed do eiusmod tempor incididunt ut labore et dolore magna aliqua.</p></action> - Log entry 167
[2025-12-04T14:02:14.222220] INFO: <action id='168'><div>모든 국민은 인간으로서의 존엄과 가치를 가지며, <span style='color:blue'>행복을 추구할 권리</span>를 가진다.</div></action> - Log entry 168
[2025-12-04T14:02:14.222220] DEBUG: <action id='169'><p>Lorem ipsum dolor sit amet, consectetur adipiscing elit. Sed do eiusmod tempor incididunt ut labore et dolore magna aliqua.</p></action> - Log entry 169
[2025-12-04T14:02:14.222220] WARN: <action id='170'><div>모든 국민은 인간으로서의 존엄과 가치를 가지며, <span style='color:blue'>행복을 추구할 권리</span>를 가진다.</div></action> - Log entry 170
[2025-12-04T14:02:14.222220] ERROR: <action id='171'><p>Lorem ipsum dolor sit amet, consectetur adipiscing elit. Sed do eiusmod tempor incididunt ut labore et dolore magna aliqua.</p></action> - Log entry 171
[2025-12-04T14:02:14.222220] ERROR: <action id='172'><div>모든 국민은 인간으로서의 존엄과 가치를 가지며, <span style='color:blue'>행복을 추구할 권리</span>를 가진다.</div></action> - Log entry 172
[2025-12-04T14:02:14.222220] WARN: <action id='173'><p>Lorem ipsum dolor sit amet, consectetur adipiscing elit. Sed do eiusmod tempor incididunt ut labore et dolore magna aliqua.</p></action> - Log entry 173
[2025-12-04T14:02:14.222220] ERROR: <action id='174'><div>모든 국민은 인간으로서의 존엄과 가치를 가지며, <span style='color:blue'>행복을 추구할 권리</span>를 가진다.</div></action> - Log entry 174
[2025-12-04T14:02:14.222220] ERROR: <action id='175'><p>Lorem ipsum dolor sit amet, consectetur adipiscing elit. Sed do eiusmod tempor incididunt ut labore et dolore magna aliqua.</p></action> - Log entry 175
[2025-12-04T14:02:14.222220] INFO: <action id='176'><div>모든 국민은 인간으로서의 존엄과 가치를 가지며, <span style='color:blue'>행복을 추구할 권리</span>를 가진다.</div></action> - Log entry 176
[2025-12-04T14:02:14.222220] ERROR: <action id='177'><p>Lorem ipsum dolor sit amet, consectetur adipiscing elit. Sed do eiusmod tempor incididunt ut labore et dolore magna aliqua.</p></action> - Log entry 177
[2025-12-04T14:02:14.222220] ERROR: <action id='178'><div>모든 국민은 인간으로서의 존엄과 가치를 가지며, <span style='color:blue'>행복을 추구할 권리</span>를 가진다.</div></action> - Log entry 178
[2025-12-04T14:02:14.222220] DEBUG: <action id='179'><p>Lorem ipsum dolor sit amet, consectetur adipiscing elit. Sed do eiusmod tempor incididunt ut labore et dolore magna aliqua.</p></action> - Log entry 179
[2025-12-04T14:02:14.222220] ERROR: <action id='180'><div>모든 국민은 인간으로서의 존엄과 가치를 가지며, <span style='color:blue'>행복을 추구할 권리</span>를 가진다.</div></action> - Log entry 180
[2025-12-04T14:02:14.222220] ERROR: <action id='181'><p>Lorem ipsum dolor sit amet, consectetur adipiscing elit. Sed do eiusmod tempor incididunt ut labore et dolore magna aliqua.</p></action> - Log entry 181
[2025-12-04T14:02:14.222220] WARN: <action id='182'><div>모든 국민은 인간으로서의 존엄과 가치를 가지며, <span style='color:blue'>행복을 추구할 권리</span>를 가진다.</div></action> - Log entry 182
[2025-12-04T14:02:14.222220] INFO: <action id='183'><p>Lorem ipsum dolor sit amet, consectetur adipiscing elit. Sed do eiusmod tempor incididunt ut labore et dolore magna aliqua.</p></action> - Log entry 183
[2025-12-04T14:02:14.222220] DEBUG: <action id='184'><div>모든 국민은 인간으로서의 존엄과 가치를 가지며, <span style='color:blue'>행복을 추구할 권리</span>를 가진다.</div></action> - Log entry 184
[2025-12-04T14:02:14.222220] ERROR: <action id='185'><p>Lorem ipsum dolor sit amet, consectetur adipiscing elit. Sed do eiusmod tempor incididunt ut labore et dolore magna aliqua.</p></action> - Log entry 185
[2025-12-04T14:02:14.222220] DEBUG: <action id='186'><div>모든 국민은 인간으로서의 존엄과 가치를 가지며, <span style='color:blue'>행복을 추구할 권리</span>를 가진다.</div></action> - Log entry 186
[2025-12-04T14:02:14.222220] DEBUG: <action id='187'><p>Lorem ipsum dolor sit amet, consectetur adipiscing elit. Sed do eiusmod tempor incididunt ut labore et dolore magna aliqua.</p></action> - Log entry 187
[2025-12-04T14:02:14.222220] WARN: <action id='188'><div>모든 국민은 인간으로서의 존엄과 가치를 가지며, <span style='color:blue'>행복을 추구할 권리</span>를 가진다.</div></action> - Log entry 188
[2025-12-04T14:02:14.222220] DEBUG: <action id='189'><p>Lorem ipsum dolor sit amet, consectetur adipiscing elit. Sed do eiusmod tempor incididunt ut labore et dolore magna aliqua.</p></action> - Log entry 189
[2025-12-04T14:02:14.222220] WARN: <action id='190'><div>모든 국민은 인간으로서의 존엄과 가치를 가지며, <span style='color:blue'>행복을 추구할 권리</span>를 가진다.</div></action> - Log entry 190
[2025-12-04T14:02:14.222220] DEBUG: <action id='191'><p>Lorem ipsum dolor sit amet, consectetur adipiscing elit. Sed do eiusmod tempor incididunt ut labore et dolore magna aliqua.</p></action> - Log entry 191
[2025-12-04T14:02:14.222220] INFO: <action id='192'><div>모든 국민은 인간으로서의 존엄과 가치를 가지며, <span style='color:blue'>행복을 추구할 권리</span>를 가진다.</div></action> - Log entry 192
[2025-12-04T14:02:14.222220] DEBUG: <action id='193'><p>Lorem ipsum dolor sit amet, consectetur adipiscing elit. Sed do eiusmod tempor incididunt ut labore et dolore magna aliqua.</p></action> - Log entry 193
[2025-12-04T14:02:14.222220] WARN: <action id='194'><div>모든 국민은 인간으로서의 존엄과 가치를 가지며, <span style='color:blue'>행복을 추구할 권리</span>를 가진다.</div></action> - Log entry 194
[2025-12-04T14:02:14.222220] WARN: <action id='195'><p>Lorem ipsum dolor sit amet, consectetur adipiscing elit. Sed do eiusmod tempor incididunt ut labore et dolore magna aliqua.</p></action> - Log entry 195
[2025-12-04T14:02:14.222220] WARN: <action id='196'><div>모든 국민은 인간으로서의 존엄과 가치를 가지며, <span style='color:blue'>행복을 추구할 권리</span>를 가진다.</div></action> - Log entry 196
[2025-12-04T14:02:14.222220] INFO: <action id='197'><p>Lorem ipsum dolor sit amet, consectetur adipiscing elit. Sed do eiusmod tempor incididunt ut labore et dolore magna aliqua.</p></action> - Log entry 197
[2025-12-04T14:02:14.222220] ERROR: <action id='198'><div>모든 국민은 인간으로서의 존엄과 가치를 가지며, <span style='color:blue'>행복을 추구할 권리</span>를 가진다.</div></action> - Log entry 198
[2025-12-04T14:02:14.222220] DEBUG: <action id='199'><p>Lorem ipsum dolor sit amet, consectetur adipiscing elit. Sed do eiusmod tempor incididunt ut labore et dolore magna aliqua.</p></action> - Log entry 199
[2025-12-04T14:02:14.222220] ERROR: <action id='200'><div>모든 국민은 인간으로서의 존엄과 가치를 가지며, <span style='color:blue'>행복을 추구할 권리</span>를 가진다.</div></action> - Log entry 200
[2025-12-04T14:02:14.222220] DEBUG: <action id='201'><p>Lorem ipsum dolor sit amet, consectetur adipiscing elit. Sed do eiusmod tempor incididunt ut labore et dolore magna aliqua.</p></action> - Log entry 201
[2025-12-04T14:02:14.222220] WARN: <action id='202'><div>모든 국민은 인간으로서의 존엄과 가치를 가지며, <span style='color:blue'>행복을 추구할 권리</span>를 가진다.</div></action> - Log entry 202
[2025-12-04T14:02:14.222220] INFO: <action id='203'><p>Lorem ipsum dolor sit amet, consectetur adipiscing elit. Sed do eiusmod tempor incididunt ut labore et dolore magna aliqua.</p></action> - Log entry 203
[2025-12-04T14:02:14.222220] ERROR: <action id='204'><div>모든 국민은 인간으로서의 존엄과 가치를 가지며, <span style='color:blue'>행복을 추구할 권리</span>를 가진다.</div></action> - Log entry 204
[2025-12-04T14:02:14.222220] WARN: <action id='205'><p>Lorem ipsum dolor sit amet, consectetur adipiscing elit. Sed do eiusmod tempor incididunt ut labore et dolore magna aliqua.</p></action> - Log entry 205
[2025-12-04T14:02:14.222220] WARN: <action id='206'><div>모든 국민은 인간으로서의 존엄과 가치를 가지며, <span style='color:blue'>행복을 추구할 권리</span>를 가진다.</div></action> - Log entry 206
[2025-12-04T14:02:14.222220] DEBUG: <action id='207'><p>Lorem ipsum dolor sit amet, consectetur adipiscing elit. Sed do eiusmod tempor incididunt ut labore et dolore magna aliqua.</p></action> - Log entry 207
[2025-12-04T14:02:14.222220] DEBUG: <action id='208'><div>모든 국민은 인간으로서의 존엄과 가치를 가지며, <span style='color:blue'>행복을 추구할 권리</span>를 가진다.</div></action> - Log entry 208
[2025-12-04T14:02:14.222220] WARN: <action id='209'><p>Lorem ipsum dolor sit amet, consectetur adipiscing elit. Sed do eiusmod tempor incididunt ut labore et dolore magna aliqua.</p></action> - Log entry 209
[2025-12-04T14:02:14.222220] WARN: <action id='210'><div>모든 국민은 인간으로서의 존엄과 가치를 가지며, <span style='color:blue'>행복을 추구할 권리</span>를 가진다.</div></action> - Log entry 210
[2025-12-04T14:02:14.222220] DEBUG: <action id='211'><p>Lorem ipsum dolor sit amet, consectetur adipiscing elit. Sed do eiusmod tempor incididunt ut labore et dolore magna aliqua.</p></action> - Log entry 211
[2025-12-04T14:02:14.222220] ERROR: <action id='212'><div>모든 국민은 인간으로서의 존엄과 가치를 가지며, <span style='color:blue'>행복을 추구할 권리</span>를 가진다.</div></action> - Log entry 212
[2025-12-04T14:02:14.223342] DEBUG: <action id='213'><p>Lorem ipsum dolor sit amet, consectetur adipiscing elit. Sed do eiusmod tempor incididunt ut labore et dolore magna aliqua.</p></action> - Log entry 213
[2025-12-04T14:02:14.223342] INFO: <action id='214'><div>모든 국민은 인간으로서의 존엄과 가치를 가지며, <span style='color:blue'>행복을 추구할 권리</span>를 가진다.</div></action> - Log entry 214
[2025-12-04T14:02:14.223342] DEBUG: <action id='215'><p>Lorem ipsum dolor sit amet, consectetur adipiscing elit. Sed do eiusmod tempor incididunt ut labore et dolore magna aliqua.</p></action> - Log entry 215
[2025-12-04T14:02:14.223342] DEBUG: <action id='216'><div>모든 국민은 인간으로서의 존엄과 가치를 가지며, <span style='color:blue'>행복을 추구할 권리</span>를 가진다.</div></action> - Log entry 216
[2025-12-04T14:02:14.223342] INFO: <action id='217'><p>Lorem ipsum dolor sit amet, consectetur adipiscing elit. Sed do eiusmod tempor incididunt ut labore et dolore magna aliqua.</p></action> - Log entry 217
[2025-12-04T14:02:14.223342] DEBUG: <action id='218'><div>모든 국민은 인간으로서의 존엄과 가치를 가지며, <span style='color:blue'>행복을 추구할 권리</span>를 가진다.</div></action> - Log entry 218
[2025-12-04T14:02:14.223342] DEBUG: <action id='219'><p>Lorem ipsum dolor sit amet, consectetur adipiscing elit. Sed do eiusmod tempor incididunt ut labore et dolore magna aliqua.</p></action> - Log entry 219
[2025-12-04T14:02:14.223342] WARN: <action id='220'><div>모든 국민은 인간으로서의 존엄과 가치를 가지며, <span style='color:blue'>행복을 추구할 권리</span>를 가진다.</div></action> - Log entry 220
[2025-12-04T14:02:14.223342] DEBUG: <action id='221'><p>Lorem ipsum dolor sit amet, consectetur adipiscing elit. Sed do eiusmod tempor incididunt ut labore et dolore magna aliqua.</p></action> - Log entry 221
[2025-12-04T14:02:14.223342] ERROR: <action id='222'><div>모든 국민은 인간으로서의 존엄과 가치를 가지며, <span style='color:blue'>행복을 추구할 권리</span>를 가진다.</div></action> - Log entry 222
[2025-12-04T14:02:14.223342] DEBUG: <action id='223'><p>Lorem ipsum dolor sit amet, consectetur adipiscing elit. Sed do eiusmod tempor incididunt ut labore et dolore magna aliqua.</p></action> - Log entry 223
[2025-12-04T14:02:14.223342] WARN: <action id='224'><div>모든 국민은 인간으로서의 존엄과 가치를 가지며, <span style='color:blue'>행복을 추구할 권리</span>를 가진다.</div></action> - Log entry 224
[2025-12-04T14:02:14.223342] WARN: <action id='225'><p>Lorem ipsum dolor sit amet, consectetur adipiscing elit. Sed do eiusmod tempor incididunt ut labore et dolore magna aliqua.</p></action> - Log entry 225
[2025-12-04T14:02:14.223342] WARN: <action id='226'><div>모든 국민은 인간으로서의 존엄과 가치를 가지며, <span style='color:blue'>행복을 추구할 권리</span>를 가진다.</div></action> - Log entry 226
[2025-12-04T14:02:14.223342] ERROR: <action id='227'><p>Lorem ipsum dolor sit amet, consectetur adipiscing elit. Sed do eiusmod tempor incididunt ut labore et dolore magna aliqua.</p></action> - Log entry 227
[2025-12-04T14:02:14.223342] DEBUG: <action id='228'><div>모든 국민은 인간으로서의 존엄과 가치를 가지며, <span style='color:blue'>행복을 추구할 권리</span>를 가진다.</div></action> - Log entry 228
[2025-12-04T14:02:14.223342] INFO: <action id='229'><p>Lorem ipsum dolor sit amet, consectetur adipiscing elit. Sed do eiusmod tempor incididunt ut labore et dolore magna aliqua.</p></action> - Log entry 229
[2025-12-04T14:02:14.223342] ERROR: <action id='230'><div>모든 국민은 인간으로서의 존엄과 가치를 가지며, <span style='color:blue'>행복을 추구할 권리</span>를 가진다.</div></action> - Log entry 230
[2025-12-04T14:02:14.223342] WARN: <action id='231'><p>Lorem ipsum dolor sit amet, consectetur adipiscing elit. Sed do eiusmod tempor incididunt ut labore et dolore magna aliqua.</p></action> - Log entry 231
[2025-12-04T14:02:14.223342] DEBUG: <action id='232'><div>모든 국민은 인간으로서의 존엄과 가치를 가지며, <span style='color:blue'>행복을 추구할 권리</span>를 가진다.</div></action> - Log entry 232
[2025-12-04T14:02:14.223342] INFO: <action id='233'><p>Lorem ipsum dolor sit amet, consectetur adipiscing elit. Sed do eiusmod tempor incididunt ut labore et dolore magna aliqua.</p></action> - Log entry 233
[2025-12-04T14:02:14.223342] INFO: <action id='234'><div>모든 국민은 인간으로서의 존엄과 가치를 가지며, <span style='color:blue'>행복을 추구할 권리</span>를 가진다.</div></action> - Log entry 234
[2025-12-04T14:02:14.223342] WARN: <action id='235'><p>Lorem ipsum dolor sit amet, consectetur adipiscing elit. Sed do eiusmod tempor incididunt ut labore et dolore magna aliqua.</p></action> - Log entry 235
[2025-12-04T14:02:14.223342] INFO: <action id='236'><div>모든 국민은 인간으로서의 존엄과 가치를 가지며, <span style='color:blue'>행복을 추구할 권리</span>를 가진다.</div></action> - Log entry 236
[2025-12-04T14:02:14.223342] WARN: <action id='237'><p>Lorem ipsum dolor sit amet, consectetur adipiscing elit. Sed do eiusmod tempor incididunt ut labore et dolore magna aliqua.</p></action> - Log entry 237
[2025-12-04T14:02:14.223342] INFO: <action id='238'><div>모든 국민은 인간으로서의 존엄과 가치를 가지며, <span style='color:blue'>행복을 추구할 권리</span>를 가진다.</div></action> - Log entry 238
[2025-12-04T14:02:14.223342] ERROR: <action id='239'><p>Lorem ipsum dolor sit amet, consectetur adipiscing elit. Sed do eiusmod tempor incididunt ut labore et dolore magna aliqua.</p></action> - Log entry 239
[2025-12-04T14:02:14.223342] DEBUG: <action id='240'><div>모든 국민은 인간으로서의 존엄과 가치를 가지며, <span style='color:blue'>행복을 추구할 권리</span>를 가진다.</div></action> - Log entry 240
[2025-12-04T14:02:14.223342] DEBUG: <action id='241'><p>Lorem ipsum dolor sit amet, consectetur adipiscing elit. Sed do eiusmod tempor incididunt ut labore et dolore magna aliqua.</p></action> - Log entry 241
[2025-12-04T14:02:14.223342] WARN: <action id='242'><div>모든 국민은 인간으로서의 존엄과 가치를 가지며, <span style='color:blue'>행복을 추구할 권리</span>를 가진다.</div></action> - Log entry 242
[2025-12-04T14:02:14.223342] INFO: <action id='243'><p>Lorem ipsum dolor sit amet, consectetur adipiscing elit. Sed do eiusmod tempor incididunt ut labore et dolore magna aliqua.</p></action> - Log entry 243
[2025-12-04T14:02:14.223342] INFO: <action id='244'><div>모든 국민은 인간으로서의 존엄과 가치를 가지며, <span style='color:blue'>행복을 추구할 권리</span>를 가진다.</div></action> - Log entry 244
[2025-12-04T14:02:14.223342] WARN: <action id='245'><p>Lorem ipsum dolor sit amet, consectetur adipiscing elit. Sed do eiusmod tempor incididunt ut labore et dolore magna aliqua.</p></action> - Log entry 245
[2025-12-04T14:02:14.223342] INFO: <action id='246'><div>모든 국민은 인간으로서의 존엄과 가치를 가지며, <span style='color:blue'>행복을 추구할 권리</span>를 가진다.</div></action> - Log entry 246
[2025-12-04T14:02:14.223342] DEBUG: <action id='247'><p>Lorem ipsum dolor sit amet, consectetur adipiscing elit. Sed do eiusmod tempor incididunt ut labore et dolore magna aliqua.</p></action> - Log entry 247
[2025-12-04T14:02:14.223342] WARN: <action id='248'><div>모든 국민은 인간으로서의 존엄과 가치를 가지며, <span style='color:blue'>행복을 추구할 권리</span>를 가진다.</div></action> - Log entry 248
[2025-12-04T14:02:14.223342] WARN: <action id='249'><p>Lorem ipsum dolor sit amet, consectetur adipiscing elit. Sed do eiusmod tempor incididunt ut labore et dolore magna aliqua.</p></action> - Log entry 249
[2025-12-04T14:02:14.223342] ERROR: <action id='250'><div>모든 국민은 인간으로서의 존엄과 가치를 가지며, <span style='color:blue'>행복을 추구할 권리</span>를 가진다.</div></action> - Log entry 250
[2025-12-04T14:02:14.223342] DEBUG: <action id='251'><p>Lorem ipsum dolor sit amet, consectetur adipiscing elit. Sed do eiusmod tempor incididunt ut labore et dolore magna aliqua.</p></action> - Log entry 251
[2025-12-04T14:02:14.223342] INFO: <action id='252'><div>모든 국민은 인간으로서의 존엄과 가치를 가지며, <span style='color:blue'>행복을 추구할 권리</span>를 가진다.</div></action> - Log entry 252
[2025-12-04T14:02:14.223342] ERROR: <action id='253'><p>Lorem ipsum dolor sit amet, consectetur adipiscing elit. Sed do eiusmod tempor incididunt ut labore et dolore magna aliqua.</p></action> - Log entry 253
[2025-12-04T14:02:14.223342] WARN: <action id='254'><div>모든 국민은 인간으로서의 존엄과 가치를 가지며, <span style='color:blue'>행복을 추구할 권리</span>를 가진다.</div></action> - Log entry 254
[2025-12-04T14:02:14.223342] DEBUG: <action id='255'><p>Lorem ipsum dolor sit amet, consectetur adipiscing elit. Sed do eiusmod tempor incididunt ut labore et dolore magna aliqua.</p></action> - Log entry 255
[2025-12-04T14:02:14.223342] WARN: <action id='256'><div>모든 국민은 인간으로서의 존엄과 가치를 가지며, <span style='color:blue'>행복을 추구할 권리</span>를 가진다.</div></action> - Log entry 256
[2025-12-04T14:02:14.223342] ERROR: <action id='257'><p>Lorem ipsum dolor sit amet, consectetur adipiscing elit. Sed do eiusmod tempor incididunt ut labore et dolore magna aliqua.</p></action> - Log entry 257
[2025-12-04T14:02:14.223342] WARN: <action id='258'><div>모든 국민은 인간으로서의 존엄과 가치를 가지며, <span style='color:blue'>행복을 추구할 권리</span>를 가진다.</div></action> - Log entry 258
[2025-12-04T14:02:14.223342] ERROR: <action id='259'><p>Lorem ipsum dolor sit amet, consectetur adipiscing elit. Sed do eiusmod tempor incididunt ut labore et dolore magna aliqua.</p></action> - Log entry 259
[2025-12-04T14:02:14.223342] ERROR: <action id='260'><div>모든 국민은 인간으로서의 존엄과 가치를 가지며, <span style='color:blue'>행복을 추구할 권리</span>를 가진다.</div></action> - Log entry 260
[2025-12-04T14:02:14.223342] INFO: <action id='261'><p>Lorem ipsum dolor sit amet, consectetur adipiscing elit. Sed do eiusmod tempor incididunt ut labore et dolore magna aliqua.</p></action> - Log entry 261
[2025-12-04T14:02:14.223342] INFO: <action id='262'><div>모든 국민은 인간으로서의 존엄과 가치를 가지며, <span style='color:blue'>행복을 추구할 권리</span>를 가진다.</div></action> - Log entry 262
[2025-12-04T14:02:14.223342] DEBUG: <action id='263'><p>Lorem ipsum dolor sit amet, consectetur adipiscing elit. Sed do eiusmod tempor incididunt ut labore et dolore magna aliqua.</p></action> - Log entry 263
[2025-12-04T14:02:14.223342] INFO: <action id='264'><div>모든 국민은 인간으로서의 존엄과 가치를 가지며, <span style='color:blue'>행복을 추구할 권리</span>를 가진다.</div></action> - Log entry 264
[2025-12-04T14:02:14.223342] INFO: <action id='265'><p>Lorem ipsum dolor sit amet, consectetur adipiscing elit. Sed do eiusmod tempor incididunt ut labore et dolore magna aliqua.</p></action> - Log entry 265
[2025-12-04T14:02:14.223342] ERROR: <action id='266'><div>모든 국민은 인간으로서의 존엄과 가치를 가지며, <span style='color:blue'>행복을 추구할 권리</span>를 가진다.</div></action> - Log entry 266
[2025-12-04T14:02:14.223342] ERROR: <action id='267'><p>Lorem ipsum dolor sit amet, consectetur adipiscing elit. Sed do eiusmod tempor incididunt ut labore et dolore magna aliqua.</p></action> - Log entry 267
[2025-12-04T14:02:14.223342] DEBUG: <action id='268'><div>모든 국민은 인간으로서의 존엄과 가치를 가지며, <span style='color:blue'>행복을 추구할 권리</span>를 가진다.</div></action> - Log entry 268
[2025-12-04T14:02:14.223342] WARN: <action id='269'><p>Lorem ipsum dolor sit amet, consectetur adipiscing elit. Sed do eiusmod tempor incididunt ut labore et dolore magna aliqua.</p></action> - Log entry 269
[2025-12-04T14:02:14.223342] DEBUG: <action id='270'><div>모든 국민은 인간으로서의 존엄과 가치를 가지며, <span style='color:blue'>행복을 추구할 권리</span>를 가진다.</div></action> - Log entry 270
[2025-12-04T14:02:14.223342] ERROR: <action id='271'><p>Lorem ipsum dolor sit amet, consectetur adipiscing elit. Sed do eiusmod tempor incididunt ut labore et dolore magna aliqua.</p></action> - Log entry 271
[2025-12-04T14:02:14.223342] INFO: <action id='272'><div>모든 국민은 인간으로서의 존엄과 가치를 가지며, <span style='color:blue'>행복을 추구할 권리</span>를 가진다.</div></action> - Log entry 272
[2025-12-04T14:02:14.223342] ERROR: <action id='273'><p>Lorem ipsum dolor sit amet, consectetur adipiscing elit. Sed do eiusmod tempor incididunt ut labore et dolore magna aliqua.</p></action> - Log entry 273
[2025-12-04T14:02:14.223342] INFO: <action id='274'><div>모든 국민은 인간으로서의 존엄과 가치를 가지며, <span style='color:blue'>행복을 추구할 권리</span>를 가진다.</div></action> - Log entry 274
[2025-12-04T14:02:14.223342] WARN: <action id='275'><p>Lorem ipsum dolor sit amet, consectetur adipiscing elit. Sed do eiusmod tempor incididunt ut labore et dolore magna aliqua.</p></action> - Log entry 275
[2025-12-04T14:02:14.223342] DEBUG: <action id='276'><div>모든 국민은 인간으로서의 존엄과 가치를 가지며, <span style='color:blue'>행복을 추구할 권리</span>를 가진다.</div></action> - Log entry 276
[2025-12-04T14:02:14.223342] WARN: <action id='277'><p>Lorem ipsum dolor sit amet, consectetur adipiscing elit. Sed do eiusmod tempor incididunt ut labore et dolore magna aliqua.</p></action> - Log entry 277
[2025-12-04T14:02:14.223342] ERROR: <action id='278'><div>모든 국민은 인간으로서의 존엄과 가치를 가지며, <span style='color:blue'>행복을 추구할 권리</span>를 가진다.</div></action> - Log entry 278
[2025-12-04T14:02:14.223342] ERROR: <action id='279'><p>Lorem ipsum dolor sit amet, consectetur adipiscing elit. Sed do eiusmod tempor incididunt ut labore et dolore magna aliqua.</p></action> - Log entry 279
[2025-12-04T14:02:14.223342] INFO: <action id='280'><div>모든 국민은 인간으로서의 존엄과 가치를 가지며, <span style='color:blue'>행복을 추구할 권리</span>를 가진다.</div></action> - Log entry 280
[2025-12-04T14:02:14.223342] DEBUG: <action id='281'><p>Lorem ipsum dolor sit amet, consectetur adipiscing elit. Sed do eiusmod tempor incididunt ut labore et dolore magna aliqua.</p></action> - Log entry 281
[2025-12-04T14:02:14.223342] DEBUG: <action id='282'><div>모든 국민은 인간으로서의 존엄과 가치를 가지며, <span style='color:blue'>행복을 추구할 권리</span>를 가진다.</div></action> - Log entry 282
[2025-12-04T14:02:14.223342] ERROR: <action id='283'><p>Lorem ipsum dolor sit amet, consectetur adipiscing elit. Sed do eiusmod tempor incididunt ut labore et dolore magna aliqua.</p></action> - Log entry 283
[2025-12-04T14:02:14.223342] ERROR: <action id='284'><div>모든 국민은 인간으로서의 존엄과 가치를 가지며, <span style='color:blue'>행복을 추구할 권리</span>를 가진다.</div></action> - Log entry 284
[2025-12-04T14:02:14.223342] ERROR: <action id='285'><p>Lorem ipsum dolor sit amet, consectetur adipiscing elit. Sed do eiusmod tempor incididunt ut labore et dolore magna aliqua.</p></action> - Log entry 285
[2025-12-04T14:02:14.223342] ERROR: <action id='286'><div>모든 국민은 인간으로서의 존엄과 가치를 가지며, <span style='color:blue'>행복을 추구할 권리</span>를 가진다.</div></action> - Log entry 286
[2025-12-04T14:02:14.223342] INFO: <action id='287'><p>Lorem ipsum dolor sit amet, consectetur adipiscing elit. Sed do eiusmod tempor incididunt ut labore et dolore magna aliqua.</p></action> - Log entry 287
[2025-12-04T14:02:14.223342] DEBUG: <action id='288'><div>모든 국민은 인간으로서의 존엄과 가치를 가지며, <span style='color:blue'>행복을 추구할 권리</span>를 가진다.</div></action> - Log entry 288
[2025-12-04T14:02:14.223342] INFO: <action id='289'><p>Lorem ipsum dolor sit amet, consectetur adipiscing elit. Sed do eiusmod tempor incididunt ut labore et dolore magna aliqua.</p></action> - Log entry 289
[2025-12-04T14:02:14.223342] WARN: <action id='290'><div>모든 국민은 인간으로서의 존엄과 가치를 가지며, <span style='color:blue'>행복을 추구할 권리</span>를 가진다.</div></action> - Log entry 290
[2025-12-04T14:02:14.223342] DEBUG: <action id='291'><p>Lorem ipsum dolor sit amet, consectetur adipiscing elit. Sed do eiusmod tempor incididunt ut labore et dolore magna aliqua.</p></action> - Log entry 291
[2025-12-04T14:02:14.223342] ERROR: <action id='292'><div>모든 국민은 인간으로서의 존엄과 가치를 가지며, <span style='color:blue'>행복을 추구할 권리</span>를 가진다.</div></action> - Log entry 292
[2025-12-04T14:02:14.223342] WARN: <action id='293'><p>Lorem ipsum dolor sit amet, consectetur adipiscing elit. Sed do eiusmod tempor incididunt ut labore et dolore magna aliqua.</p></action> - Log entry 293
[2025-12-04T14:02:14.223342] DEBUG: <action id='294'><div>모든 국민은 인간으로서의 존엄과 가치를 가지며, <span style='color:blue'>행복을 추구할 권리</span>를 가진다.</div></action> - Log entry 294
[2025-12-04T14:02:14.223342] INFO: <action id='295'><p>Lorem ipsum dolor sit amet, consectetur adipiscing elit. Sed do eiusmod tempor incididunt ut labore et dolore magna aliqua.</p></action> - Log entry 295
[2025-12-04T14:02:14.223342] DEBUG: <action id='296'><div>모든 국민은 인간으로서의 존엄과 가치를 가지며, <span style='color:blue'>행복을 추구할 권리</span>를 가진다.</div></action> - Log entry 296
[2025-12-04T14:02:14.223342] INFO: <action id='297'><p>Lorem ipsum dolor sit amet, consectetur adipiscing elit. Sed do eiusmod tempor incididunt ut labore et dolore magna aliqua.</p></action> - Log entry 297
[2025-12-04T14:02:14.223342] WARN: <action id='298'><div>모든 국민은 인간으로서의 존엄과 가치를 가지며, <span style='color:blue'>행복을 추구할 권리</span>를 가진다.</div></action> - Log entry 298
[2025-12-04T14:02:14.223342] WARN: <action id='299'><p>Lorem ipsum dolor sit amet, consectetur adipiscing elit. Sed do eiusmod tempor incididunt ut labore et dolore magna aliqua.</p></action> - Log entry 299
